<?xml version="1.0" encoding="UTF-8"?>
<testng-results ignored="4" total="7" passed="3" failed="0" skipped="0">
  <reporter-output>
  </reporter-output>
  <suite started-at="2021-04-07T17:16:47 IST" name="Suite" finished-at="2021-04-07T17:16:49 IST" duration-ms="1970">
    <groups>
    </groups>
    <test started-at="2021-04-07T17:16:47 IST" name="Test" finished-at="2021-04-07T17:16:49 IST" duration-ms="1970">
      <class name="comrmg.yantra.projects.AddSingleProjectWithOnGoing">
        <test-method signature="createProject()[pri:0, instance:comrmg.yantra.projects.AddSingleProjectWithOnGoing@68c72235]" started-at="2021-04-07T17:16:49 IST" name="createProject" finished-at="2021-04-07T17:16:49 IST" duration-ms="118" status="PASS">
          <reporter-output>
          </reporter-output>
        </test-method> <!-- createProject -->
      </class> <!-- comrmg.yantra.projects.AddSingleProjectWithOnGoing -->
      <class name="comrmg.yantra.projects.AddSingleProjectWithCompleted">
        <test-method is-config="true" signature="configBS()[pri:0, instance:comrmg.yantra.projects.AddSingleProjectWithCompleted@6b8ca3c8]" started-at="2021-04-07T17:16:46 IST" name="configBS" finished-at="2021-04-07T17:16:47 IST" duration-ms="816" status="PASS">
          <reporter-output>
          </reporter-output>
        </test-method> <!-- configBS -->
        <test-method signature="createProject()[pri:0, instance:comrmg.yantra.projects.AddSingleProjectWithCompleted@6b8ca3c8]" started-at="2021-04-07T17:16:47 IST" name="createProject" finished-at="2021-04-07T17:16:49 IST" duration-ms="1728" status="PASS">
          <reporter-output>
          </reporter-output>
        </test-method> <!-- createProject -->
        <test-method is-config="true" signature="configAS()[pri:0, instance:comrmg.yantra.projects.AddSingleProjectWithCompleted@6b8ca3c8]" started-at="2021-04-07T17:16:49 IST" name="configAS" finished-at="2021-04-07T17:16:49 IST" duration-ms="5" status="PASS">
          <reporter-output>
          </reporter-output>
        </test-method> <!-- configAS -->
      </class> <!-- comrmg.yantra.projects.AddSingleProjectWithCompleted -->
      <class name="comrmg.yantra.projects.AddSingleProjectWithCreated">
        <test-method signature="createProject()[pri:0, instance:comrmg.yantra.projects.AddSingleProjectWithCreated@10959ece]" started-at="2021-04-07T17:16:49 IST" name="createProject" finished-at="2021-04-07T17:16:49 IST" duration-ms="98" status="PASS">
          <reporter-output>
          </reporter-output>
        </test-method> <!-- createProject -->
      </class> <!-- comrmg.yantra.projects.AddSingleProjectWithCreated -->
    </test> <!-- Test -->
  </suite> <!-- Suite -->
</testng-results>
