<?xml version="1.0" encoding="UTF-8"?>
<!-- Generated by org.testng.reporters.JUnitXMLReporter -->
<testsuite ignored="4" hostname="DESKTOP-K1B1PKP" failures="0" tests="3" name="Test" time="1.97" errors="0" timestamp="2021-04-07T17:16:49 IST">
  <testcase classname="comrmg.yantra.projects.AddSingleProjectWithCompleted" name="createProject" time="1.728"/>
  <testcase classname="comrmg.yantra.projects.AddSingleProjectWithOnGoing" name="createProject" time="0.118"/>
  <testcase classname="comrmg.yantra.projects.AddSingleProjectWithCreated" name="createProject" time="0.098"/>
  <testcase classname="com.rmgyantra.api.genericlib.BaseClass" name="@AfterSuite configAS" time="0.0">
    <ignored/>
  </testcase> <!-- @AfterSuite configAS -->
  <testcase classname="com.rmgyantra.api.genericlib.BaseClass" name="@AfterSuite configAS" time="0.0">
    <ignored/>
  </testcase> <!-- @AfterSuite configAS -->
  <testcase classname="com.rmgyantra.api.genericlib.BaseClass" name="@BeforeSuite configBS" time="0.0">
    <ignored/>
  </testcase> <!-- @BeforeSuite configBS -->
  <testcase classname="com.rmgyantra.api.genericlib.BaseClass" name="@BeforeSuite configBS" time="0.0">
    <ignored/>
  </testcase> <!-- @BeforeSuite configBS -->
</testsuite> <!-- Test -->
